[2023-10-07T09:08:54.496748+00:00] my_log.ERROR: This is some error. [] []
[2023-10-07T09:11:59.781685+00:00] my_log.ERROR: This is some error. [] []
[2023-10-07T09:11:59.782687+00:00] my_log.WARNING: This is some warning. [] []
[2023-10-07T09:12:09.207059+00:00] my_log.ERROR: This is some error. [] []
[2023-10-07T09:12:09.208107+00:00] my_log.WARNING: This is some warning. [] []
[2023-10-07T09:12:09.208146+00:00] my_log.NOTICE: This is some notice. [] []
[2023-10-07T09:12:13.849249+00:00] my_log.ERROR: This is some error. [] []
[2023-10-07T09:12:13.850279+00:00] my_log.WARNING: This is some warning. [] []
[2023-10-07T09:12:13.850315+00:00] my_log.NOTICE: This is some notice. [] []
[2023-10-07T09:12:13.850342+00:00] my_log.INFO: This is some info. [] []
[2023-10-07T09:12:17.350803+00:00] my_log.ERROR: This is some error. [] []
[2023-10-07T09:12:17.351834+00:00] my_log.WARNING: This is some warning. [] []
[2023-10-07T09:12:17.351864+00:00] my_log.NOTICE: This is some notice. [] []
[2023-10-07T09:12:17.351883+00:00] my_log.INFO: This is some info. [] []
[2023-10-07T09:12:17.351898+00:00] my_log.DEBUG: This is some debug. [] []
[2023-10-21T06:47:53.120079+00:00] my_log.ERROR: error [] []
[2023-10-21T06:48:48.173992+00:00] my_log.ERROR: error [] []
[2023-10-21T06:48:48.175079+00:00] my_log.WARNING: warning [] []
[2023-10-21T06:48:58.364692+00:00] my_log.ERROR: error [] []
[2023-10-21T06:48:58.365801+00:00] my_log.WARNING: warning [] []
[2023-10-21T06:49:09.488297+00:00] my_log.ERROR: error [] []
[2023-10-21T06:49:09.489405+00:00] my_log.WARNING: warning [] []
[2023-10-21T06:49:19.196380+00:00] my_log.ERROR: error [] []
[2023-10-21T06:49:19.197458+00:00] my_log.WARNING: warning [] []
[2023-10-21T06:49:19.197677+00:00] my_log.DEBUG: Quack() executed. [] []
[2023-10-21T06:49:19.197707+00:00] my_log.DEBUG: Quack() executed. [] []
[2023-10-21T06:49:19.197797+00:00] my_log.DEBUG: Quack() executed. [] []
[2023-10-21T06:49:19.197892+00:00] my_log.DEBUG: Quack() executed. [] []
